<?xml version="1.0" encoding="UTF-8"?>
<testng-results ignored="0" total="2" passed="2" failed="0" skipped="0">
  <reporter-output>
  </reporter-output>
  <suite started-at="2024-10-17T17:52:51 IST" name="Suite" finished-at="2024-10-17T17:53:28 IST" duration-ms="37133">
    <groups>
      <group name="Master">
        <method signature="TC001_AccountsRegistration.accounts_registration()[pri:0, instance:testCases.TC001_AccountsRegistration@c2db68f]" name="accounts_registration" class="testCases.TC001_AccountsRegistration"/>
        <method signature="TC002_LoginTest.verify_login()[pri:0, instance:testCases.TC002_LoginTest@61ce23ac]" name="verify_login" class="testCases.TC002_LoginTest"/>
      </group> <!-- Master -->
      <group name="Sanity">
        <method signature="TC002_LoginTest.verify_login()[pri:0, instance:testCases.TC002_LoginTest@61ce23ac]" name="verify_login" class="testCases.TC002_LoginTest"/>
      </group> <!-- Sanity -->
      <group name="Regression">
        <method signature="TC001_AccountsRegistration.accounts_registration()[pri:0, instance:testCases.TC001_AccountsRegistration@c2db68f]" name="accounts_registration" class="testCases.TC001_AccountsRegistration"/>
      </group> <!-- Regression -->
    </groups>
    <test started-at="2024-10-17T17:52:51 IST" name="Test" finished-at="2024-10-17T17:53:28 IST" duration-ms="37133">
      <class name="testCases.TC002_LoginTest">
        <test-method is-config="true" signature="setup(java.lang.String,java.lang.String)[pri:0, instance:testCases.TC002_LoginTest@61ce23ac]" started-at="2024-10-17T17:53:12 IST" name="setup" finished-at="2024-10-17T17:53:24 IST" duration-ms="12239" status="PASS">
          <params>
            <param index="0">
              <value>
                <![CDATA[windows]]>
              </value>
            </param>
            <param index="1">
              <value>
                <![CDATA[edge]]>
              </value>
            </param>
          </params>
          <reporter-output>
          </reporter-output>
        </test-method> <!-- setup -->
        <test-method signature="verify_login()[pri:0, instance:testCases.TC002_LoginTest@61ce23ac]" started-at="2024-10-17T17:53:24 IST" name="verify_login" finished-at="2024-10-17T17:53:26 IST" duration-ms="2421" status="PASS">
          <reporter-output>
          </reporter-output>
        </test-method> <!-- verify_login -->
        <test-method is-config="true" signature="tearDown()[pri:0, instance:testCases.TC002_LoginTest@61ce23ac]" started-at="2024-10-17T17:53:26 IST" name="tearDown" finished-at="2024-10-17T17:53:28 IST" duration-ms="1508" status="PASS">
          <reporter-output>
          </reporter-output>
        </test-method> <!-- tearDown -->
      </class> <!-- testCases.TC002_LoginTest -->
      <class name="testCases.TC001_AccountsRegistration">
        <test-method is-config="true" signature="setup(java.lang.String,java.lang.String)[pri:0, instance:testCases.TC001_AccountsRegistration@c2db68f]" started-at="2024-10-17T17:52:52 IST" name="setup" finished-at="2024-10-17T17:53:06 IST" duration-ms="14159" status="PASS">
          <params>
            <param index="0">
              <value>
                <![CDATA[windows]]>
              </value>
            </param>
            <param index="1">
              <value>
                <![CDATA[edge]]>
              </value>
            </param>
          </params>
          <reporter-output>
          </reporter-output>
        </test-method> <!-- setup -->
        <test-method signature="accounts_registration()[pri:0, instance:testCases.TC001_AccountsRegistration@c2db68f]" started-at="2024-10-17T17:53:06 IST" name="accounts_registration" finished-at="2024-10-17T17:53:09 IST" duration-ms="3601" status="PASS">
          <reporter-output>
          </reporter-output>
        </test-method> <!-- accounts_registration -->
        <test-method is-config="true" signature="tearDown()[pri:0, instance:testCases.TC001_AccountsRegistration@c2db68f]" started-at="2024-10-17T17:53:09 IST" name="tearDown" finished-at="2024-10-17T17:53:12 IST" duration-ms="2200" status="PASS">
          <reporter-output>
          </reporter-output>
        </test-method> <!-- tearDown -->
      </class> <!-- testCases.TC001_AccountsRegistration -->
    </test> <!-- Test -->
  </suite> <!-- Suite -->
</testng-results>
