<?xml version="1.0" encoding="UTF-8"?>
<testng-results ignored="0" total="2" passed="2" failed="0" skipped="0">
  <reporter-output>
  </reporter-output>
  <suite started-at="2024-10-17T11:50:44 IST" name="Suite" finished-at="2024-10-17T11:51:24 IST" duration-ms="40038">
    <groups>
      <group name="Master">
        <method signature="TC001_AccountsRegistration.accounts_registration()[pri:0, instance:testCases.TC001_AccountsRegistration@77a98a6a]" name="accounts_registration" class="testCases.TC001_AccountsRegistration"/>
        <method signature="TC002_LoginTest.verify_login()[pri:0, instance:testCases.TC002_LoginTest@7e22550a]" name="verify_login" class="testCases.TC002_LoginTest"/>
      </group> <!-- Master -->
      <group name="Sanity">
        <method signature="TC002_LoginTest.verify_login()[pri:0, instance:testCases.TC002_LoginTest@7e22550a]" name="verify_login" class="testCases.TC002_LoginTest"/>
      </group> <!-- Sanity -->
      <group name="Regression">
        <method signature="TC001_AccountsRegistration.accounts_registration()[pri:0, instance:testCases.TC001_AccountsRegistration@77a98a6a]" name="accounts_registration" class="testCases.TC001_AccountsRegistration"/>
      </group> <!-- Regression -->
    </groups>
    <test started-at="2024-10-17T11:50:44 IST" name="Test" finished-at="2024-10-17T11:51:24 IST" duration-ms="40038">
      <class name="testCases.TC002_LoginTest">
        <test-method is-config="true" signature="setup(java.lang.String,java.lang.String)[pri:0, instance:testCases.TC002_LoginTest@7e22550a]" started-at="2024-10-17T11:51:06 IST" name="setup" finished-at="2024-10-17T11:51:20 IST" duration-ms="13474" status="PASS">
          <params>
            <param index="0">
              <value>
                <![CDATA[windows]]>
              </value>
            </param>
            <param index="1">
              <value>
                <![CDATA[edge]]>
              </value>
            </param>
          </params>
          <reporter-output>
          </reporter-output>
        </test-method> <!-- setup -->
        <test-method signature="verify_login()[pri:0, instance:testCases.TC002_LoginTest@7e22550a]" started-at="2024-10-17T11:51:20 IST" name="verify_login" finished-at="2024-10-17T11:51:22 IST" duration-ms="2464" status="PASS">
          <reporter-output>
          </reporter-output>
        </test-method> <!-- verify_login -->
        <test-method is-config="true" signature="tearDown()[pri:0, instance:testCases.TC002_LoginTest@7e22550a]" started-at="2024-10-17T11:51:22 IST" name="tearDown" finished-at="2024-10-17T11:51:24 IST" duration-ms="1749" status="PASS">
          <reporter-output>
          </reporter-output>
        </test-method> <!-- tearDown -->
      </class> <!-- testCases.TC002_LoginTest -->
      <class name="testCases.TC001_AccountsRegistration">
        <test-method is-config="true" signature="setup(java.lang.String,java.lang.String)[pri:0, instance:testCases.TC001_AccountsRegistration@77a98a6a]" started-at="2024-10-17T11:50:44 IST" name="setup" finished-at="2024-10-17T11:51:00 IST" duration-ms="15483" status="PASS">
          <params>
            <param index="0">
              <value>
                <![CDATA[windows]]>
              </value>
            </param>
            <param index="1">
              <value>
                <![CDATA[edge]]>
              </value>
            </param>
          </params>
          <reporter-output>
          </reporter-output>
        </test-method> <!-- setup -->
        <test-method signature="accounts_registration()[pri:0, instance:testCases.TC001_AccountsRegistration@77a98a6a]" started-at="2024-10-17T11:51:00 IST" name="accounts_registration" finished-at="2024-10-17T11:51:04 IST" duration-ms="3831" status="PASS">
          <reporter-output>
          </reporter-output>
        </test-method> <!-- accounts_registration -->
        <test-method is-config="true" signature="tearDown()[pri:0, instance:testCases.TC001_AccountsRegistration@77a98a6a]" started-at="2024-10-17T11:51:04 IST" name="tearDown" finished-at="2024-10-17T11:51:06 IST" duration-ms="2204" status="PASS">
          <reporter-output>
          </reporter-output>
        </test-method> <!-- tearDown -->
      </class> <!-- testCases.TC001_AccountsRegistration -->
    </test> <!-- Test -->
  </suite> <!-- Suite -->
</testng-results>
